<?xml version="1.0" encoding="UTF-8"?>
<!-- Generated by org.testng.reporters.JUnitReportReporter -->
<testsuite skipped="0" hostname="DESKTOP-7ILLCS6" name="com.software.journal.testcase.FindSoftwareJournalChannel" tests="1" failures="0" timestamp="2020-05-02T23:22:51 EDT" time="36.924" errors="0">
  <testcase name="findSoftwareJournalChannel" time="36.924" classname="com.software.journal.testcase.FindSoftwareJournalChannel"/>
  <system-out/>
</testsuite> <!-- com.software.journal.testcase.FindSoftwareJournalChannel -->
